<?xml version="1.0" encoding="UTF-8"?>
<testsuite xmlns:xsi="http://www.w3.org/2001/XMLSchema-instance" xsi:noNamespaceSchemaLocation="https://maven.apache.org/surefire/maven-surefire-plugin/xsd/surefire-test-report.xsd" name="runner.TestRunner" time="76.465" tests="14" errors="0" skipped="0" failures="0">
  <properties>
[...]
</properties>
  <testcase name="Login with valid credentials #1" classname="Login functionality" time="6.302"/>
  <testcase name="Login with valid credentials #2" classname="Login functionality" time="5.243"/>
  <testcase name="Login with valid credentials #3" classname="Login functionality" time="7.212"/>
  <testcase name="Login with invalid credentials" classname="Login functionality" time="5.244"/>
  <testcase name="Login with valid email and invalid password" classname="Login functionality" time="5.925"/>
  <testcase name="Login with invalid email and valid password" classname="Login functionality" time="5.049"/>
  <testcase name="Login without providing any credentials" classname="Login functionality" time="4.956"/>
  <testcase name="User creates an account only with mandatory fields" classname="Registration functionality" time="6.473"/>
  <testcase name="User creates an account only with all fields" classname="Registration functionality" time="6.307"/>
  <testcase name="User creates a duplicate account" classname="Registration functionality" time="5.626"/>
  <testcase name="User creates an account without filling any details" classname="Registration functionality" time="5.08"/>
  <testcase name="User searches for a valid product" classname="Search functionality" time="3.625"/>
  <testcase name="User searches for an invalid product" classname="Search functionality" time="3.868"/>
  <testcase name="User searches without any product" classname="Search functionality" time="3.594"/>
</testsuite>